2026-01-26 16:59:07,746 - ERROR - An error occurred in run: local variable 'sl_price' referenced before assignment
Traceback (most recent call last):
  File "/home/wingerwingman/Projects/CryptoBot/modules/trading_bot.py", line 1551, in run
    self.logger.debug(f"Heartbeat - Holding {self.symbol} | Price: {current_price} | PnL: {profit_pct:.2f}% | SL < {sl_price:.2f}")
UnboundLocalError: local variable 'sl_price' referenced before assignment
2026-01-26 17:23:48,524 - ERROR - Telegram connection error: HTTPSConnectionPool(host='api.telegram.org', port=443): Max retries exceeded with url: /bot8041314417:AAG6SYaSR1IsLdE7jArlKPQHzY5PkjBWiWM/sendMessage (Caused by NameResolutionError("<urllib3.connection.HTTPSConnection object at 0x7357c8c88640>: Failed to resolve 'api.telegram.org' ([Errno -3] Temporary failure in name resolution)"))
2026-01-26 18:23:28,341 - ERROR - An error occurred in run: local variable 'sl_price' referenced before assignment
Traceback (most recent call last):
  File "/home/wingerwingman/Projects/CryptoBot/modules/trading_bot.py", line 1551, in run
    self.logger.debug(f"Heartbeat - Holding {self.symbol} | Price: {current_price} | PnL: {profit_pct:.2f}% | SL < {sl_price:.2f}")
UnboundLocalError: local variable 'sl_price' referenced before assignment
2026-01-27 06:33:14,412 - WARNING - get_status: Bot not found for key='live_ETHUSDT'. Available: []
2026-01-27 06:33:14,914 - WARNING - get_status: Bot not found for key='live_ETHUSDT'. Available: []
2026-01-27 06:33:15,269 - WARNING - get_status: Bot not found for key='live_ETHUSDT'. Available: []
2026-01-27 06:33:15,656 - WARNING - get_status: Bot not found for key='live_ETHUSDT'. Available: []
2026-01-27 06:33:16,723 - WARNING - get_status: Bot not found for key='live_ETHUSDT'. Available: []
2026-01-27 06:33:18,714 - WARNING - get_status: Bot not found for key='live_ETHUSDT'. Available: []
2026-01-27 06:57:24,093 - WARNING - get_status: Bot not found for key='live_ETHUSDT'. Available: []
2026-01-27 06:57:24,444 - WARNING - get_status: Bot not found for key='live_ETHUSDT'. Available: []
2026-01-27 06:57:25,022 - WARNING - get_status: Bot not found for key='live_ETHUSDT'. Available: []
2026-01-27 06:57:26,323 - WARNING - get_status: Bot not found for key='live_ETHUSDT'. Available: []
2026-01-27 07:08:12,445 - WARNING - get_status: Bot not found for key='live_ETHUSDT'. Available: []
2026-01-27 07:13:31,715 - WARNING - get_status: Bot not found for key='live_ETHUSDT'. Available: []
2026-01-27 07:13:32,088 - WARNING - get_status: Bot not found for key='live_ETHUSDT'. Available: []
2026-01-27 07:13:32,659 - WARNING - get_status: Bot not found for key='live_ETHUSDT'. Available: []
2026-01-27 07:13:33,009 - WARNING - get_status: Bot not found for key='live_ETHUSDT'. Available: []
2026-01-27 07:13:34,549 - WARNING - get_status: Bot not found for key='live_ETHUSDT'. Available: []
2026-01-27 07:23:55,048 - WARNING - get_status: Bot not found for key='live_ETHUSDT'. Available: []
2026-01-27 07:23:59,831 - WARNING - get_status: Bot not found for key='live_ETHUSDT'. Available: []
2026-01-27 07:24:00,994 - WARNING - get_status: Bot not found for key='live_ETHUSDT'. Available: []
2026-01-27 07:24:01,304 - WARNING - get_status: Bot not found for key='live_ETHUSDT'. Available: []
2026-01-27 07:24:03,070 - WARNING - get_status: Bot not found for key='live_ETHUSDT'. Available: []
2026-01-27 07:44:13,130 - WARNING - get_status: Bot not found for key='live_ETHUSDT'. Available: []
2026-01-27 07:44:13,451 - WARNING - get_status: Bot not found for key='live_ETHUSDT'. Available: []
2026-01-27 07:44:13,766 - WARNING - get_status: Bot not found for key='live_ETHUSDT'. Available: []
2026-01-27 07:44:15,280 - WARNING - get_status: Bot not found for key='live_ETHUSDT'. Available: []
2026-01-27 07:55:50,986 - WARNING - get_status: Bot not found for key='live_ETHUSDT'. Available: []
2026-01-27 07:55:51,306 - WARNING - get_status: Bot not found for key='live_ETHUSDT'. Available: []
2026-01-27 07:55:51,925 - WARNING - get_status: Bot not found for key='live_ETHUSDT'. Available: []
2026-01-27 07:55:53,578 - WARNING - get_status: Bot not found for key='live_ETHUSDT'. Available: []
2026-01-27 08:48:10,324 - WARNING - ML Predictor failed to train (not enough data?). Confirmation disabled.
2026-01-27 09:17:22,541 - WARNING - get_status: Bot not found for key='paper_BTCUSD'. Available: []
2026-01-27 09:17:22,543 - WARNING - get_status: Bot not found for key='live_ETHUSDT'. Available: []
2026-01-27 09:17:22,959 - WARNING - get_status: Bot not found for key='paper_BTCUSD'. Available: []
2026-01-27 09:17:23,082 - WARNING - get_status: Bot not found for key='live_ETHUSDT'. Available: []
2026-01-27 09:17:23,502 - WARNING - get_status: Bot not found for key='paper_BTCUSD'. Available: []
2026-01-27 09:17:23,700 - WARNING - get_status: Bot not found for key='live_ETHUSDT'. Available: []
2026-01-27 09:17:24,126 - WARNING - get_status: Bot not found for key='paper_BTCUSD'. Available: []
2026-01-27 09:17:24,194 - WARNING - get_status: Bot not found for key='live_ETHUSDT'. Available: []
2026-01-27 09:17:25,869 - WARNING - get_status: Bot not found for key='live_ETHUSDT'. Available: []
2026-01-27 09:17:25,871 - WARNING - get_status: Bot not found for key='paper_BTCUSD'. Available: []
2026-01-27 09:17:28,289 - WARNING - get_status: Bot not found for key='paper_BTCUSD'. Available: ['live_ETHUSDT']
2026-01-27 09:17:29,850 - WARNING - get_status: Bot not found for key='paper_BTCUSD'. Available: ['live_ETHUSDT']
2026-01-27 09:17:31,853 - WARNING - get_status: Bot not found for key='paper_BTCUSD'. Available: ['live_ETHUSDT']
2026-01-27 09:17:33,861 - WARNING - get_status: Bot not found for key='paper_BTCUSD'. Available: ['live_ETHUSDT']
2026-01-27 09:17:35,545 - WARNING - get_status: Bot not found for key='paper_BTCUSD'. Available: ['live_ETHUSDT']
2026-01-27 09:17:37,851 - WARNING - get_status: Bot not found for key='paper_BTCUSD'. Available: ['live_ETHUSDT']
2026-01-27 09:17:40,156 - WARNING - get_status: Bot not found for key='paper_BTCUSD'. Available: ['live_ETHUSDT']
2026-01-27 09:17:41,032 - WARNING - ML Predictor failed to train (not enough data?). Confirmation disabled.
2026-01-27 09:19:45,906 - WARNING - get_status: Bot not found for key='paper_BTCUSD'. Available: []
2026-01-27 09:19:45,907 - WARNING - get_status: Bot not found for key='live_ETHUSDT'. Available: []
2026-01-27 09:19:46,235 - WARNING - get_status: Bot not found for key='paper_BTCUSD'. Available: []
2026-01-27 09:19:46,237 - WARNING - get_status: Bot not found for key='live_ETHUSDT'. Available: []
2026-01-27 09:19:46,852 - WARNING - get_status: Bot not found for key='paper_BTCUSD'. Available: []
2026-01-27 09:19:46,861 - WARNING - get_status: Bot not found for key='live_ETHUSDT'. Available: []
2026-01-27 09:19:48,125 - WARNING - get_status: Bot not found for key='live_ETHUSDT'. Available: []
2026-01-27 09:19:48,128 - WARNING - get_status: Bot not found for key='paper_BTCUSD'. Available: []
2026-01-27 09:19:49,036 - WARNING - get_status: Bot not found for key='paper_BTCUSD'. Available: ['live_ETHUSDT']
2026-01-27 09:19:50,491 - WARNING - get_status: Bot not found for key='paper_BTCUSD'. Available: ['live_ETHUSDT']
2026-01-27 09:19:52,679 - WARNING - get_status: Bot not found for key='paper_BTCUSD'. Available: ['live_ETHUSDT']
2026-01-27 09:19:54,195 - WARNING - get_status: Bot not found for key='paper_BTCUSD'. Available: ['live_ETHUSDT']
2026-01-27 09:19:55,468 - WARNING - ML Predictor failed to train (not enough data?). Confirmation disabled.
2026-01-27 09:51:36,683 - WARNING - get_status: Bot not found for key='live_ETHUSDT'. Available: []
2026-01-27 09:51:36,914 - WARNING - get_status: Bot not found for key='paper_BTCUSD'. Available: []
2026-01-27 09:51:37,306 - WARNING - get_status: Bot not found for key='live_ETHUSDT'. Available: []
2026-01-27 09:51:37,606 - WARNING - get_status: Bot not found for key='paper_BTCUSD'. Available: []
2026-01-27 09:51:37,931 - WARNING - get_status: Bot not found for key='live_ETHUSDT'. Available: []
2026-01-27 09:51:38,162 - WARNING - get_status: Bot not found for key='paper_BTCUSD'. Available: []
2026-01-27 09:51:39,710 - WARNING - get_status: Bot not found for key='paper_BTCUSD'. Available: ['live_ETHUSDT']
2026-01-27 09:51:41,658 - WARNING - get_status: Bot not found for key='paper_BTCUSD'. Available: ['live_ETHUSDT']
2026-01-27 09:51:43,347 - WARNING - get_status: Bot not found for key='paper_BTCUSD'. Available: ['live_ETHUSDT']
2026-01-27 09:51:45,313 - WARNING - get_status: Bot not found for key='paper_BTCUSD'. Available: ['live_ETHUSDT']
2026-01-27 09:51:47,679 - WARNING - get_status: Bot not found for key='paper_BTCUSD'. Available: ['live_ETHUSDT']
2026-01-27 09:51:49,208 - WARNING - get_status: Bot not found for key='paper_BTCUSD'. Available: ['live_ETHUSDT']
2026-01-27 09:51:51,037 - WARNING - get_status: Bot not found for key='paper_BTCUSD'. Available: ['live_ETHUSDT']
2026-01-27 09:51:53,584 - WARNING - get_status: Bot not found for key='paper_BTCUSD'. Available: ['live_ETHUSDT']
2026-01-27 09:51:54,146 - WARNING - ML Predictor failed to train (not enough data?). Confirmation disabled.
2026-01-27 10:05:14,354 - WARNING - get_status: Bot not found for key='live_ETHUSDT'. Available: []
2026-01-27 10:05:14,439 - WARNING - get_status: Bot not found for key='paper_BTCUSD'. Available: []
2026-01-27 10:05:14,671 - WARNING - get_status: Bot not found for key='live_ETHUSDT'. Available: []
2026-01-27 10:05:14,876 - WARNING - get_status: Bot not found for key='paper_BTCUSD'. Available: []
2026-01-27 10:05:15,290 - WARNING - get_status: Bot not found for key='live_ETHUSDT'. Available: []
2026-01-27 10:05:15,571 - WARNING - get_status: Bot not found for key='paper_BTCUSD'. Available: []
2026-01-27 10:05:16,004 - WARNING - get_status: Bot not found for key='live_ETHUSDT'. Available: []
2026-01-27 10:05:16,193 - WARNING - get_status: Bot not found for key='paper_BTCUSD'. Available: []
2026-01-27 10:05:17,262 - WARNING - get_status: Bot not found for key='paper_BTCUSD'. Available: ['live_ETHUSDT']
2026-01-27 10:05:18,641 - WARNING - get_status: Bot not found for key='paper_BTCUSD'. Available: ['live_ETHUSDT']
2026-01-27 10:05:20,626 - WARNING - get_status: Bot not found for key='paper_BTCUSD'. Available: ['live_ETHUSDT']
2026-01-27 10:05:22,639 - WARNING - get_status: Bot not found for key='paper_BTCUSD'. Available: ['live_ETHUSDT']
2026-01-27 10:05:24,645 - WARNING - get_status: Bot not found for key='paper_BTCUSD'. Available: ['live_ETHUSDT']
2026-01-27 10:05:26,947 - WARNING - get_status: Bot not found for key='paper_BTCUSD'. Available: ['live_ETHUSDT']
2026-01-27 10:05:28,630 - WARNING - get_status: Bot not found for key='paper_BTCUSD'. Available: ['live_ETHUSDT']
2026-01-27 10:05:29,132 - WARNING - ML Predictor failed to train (not enough data?). Confirmation disabled.
