2026-01-09 08:54:26,737,Buy,0.0806874282878068,3067.3923466389783,997.5250000000001
2026-01-09 08:54:26,740,Sell,0.0806874282878068,3182.098833664669,1004.2128177315714,3.74%
2026-01-09 08:54:26,749,Buy,0.07739321164074915,3211.427296004615,1001.7273910076857
2026-01-09 08:54:26,751,Stop-loss Sell,0.07739321164074915,3124.8966752622587,992.6120504657267,-2.69%
2026-01-09 08:54:26,921,Buy,0.08448990183979468,2907.702306911147,990.155335640824
2026-01-09 08:54:27,004,Sell,0.08448990183979468,3093.9297026026443,1003.275611853958,6.40%
2026-01-09 08:54:27,152,Buy,0.0645092566698424,3849.226091763944,1000.7925047146196
2026-01-09 08:54:27,152,Stop-loss Sell,0.0645092566698424,3741.241378864513,991.4130441500408,-2.81%
2026-01-09 08:54:27,153,Buy,0.06627050905277412,3702.6232623584106,988.9592968657695
2026-01-09 08:54:27,170,Sell,0.06627050905277412,3822.603857922692,994.3772129745531,3.24%
2026-01-09 08:54:27,179,Buy,0.0639371017300832,3849.226091763944,991.9161293724411
2026-01-09 08:54:27,181,Stop-loss Sell,0.0639371017300832,3767.038060435999,984.252729895519,-2.14%
2026-01-09 08:54:27,194,Buy,0.06602630522985294,3689.477243972743,981.8167043890276
2026-01-09 08:54:27,196,Sell,0.06602630522985294,3836.15981468316,988.9687379863054,3.98%
2026-01-09 08:54:27,197,Buy,0.06461278008198057,3788.2561676041055,986.5210403597893
2026-01-09 08:54:27,220,Stop-loss Sell,0.06461278008198057,3692.7642661126174,977.9650454749003,-2.52%
2026-01-09 08:54:27,308,Buy,0.06563814510619714,3687.586667225691,975.5445819873498
2026-01-09 08:54:27,451,Stop-loss Sell,0.06563814510619714,3604.5375327937386,967.7274392743789,-2.25%
2026-01-09 08:54:27,489,Buy,0.06940881223157729,3450.7511873462577,965.3323138621747
2026-01-09 08:54:27,490,Sell,0.06940881223157729,3562.316952861153,970.6033992473652,3.23%
2026-01-09 08:54:27,631,Buy,0.061521735048923026,3904.70686697462,968.201155834228
2026-01-09 08:54:27,632,Sell,0.061521735048923026,4038.496806553806,973.9475917439428,3.43%
2026-01-09 08:54:27,713,Buy,0.06928299838697556,3479.2378298965327,971.5370714543765
2026-01-09 08:54:27,735,Stop-loss Sell,0.06928299838697556,3407.2471612811764,964.1886990810308,-2.07%
2026-01-09 08:54:27,888,Buy,0.07334858377386064,3253.460268003136,961.8023320508053
2026-01-09 08:54:27,890,Stop-loss Sell,0.07334858377386064,3162.00073097673,952.7746217822148,-2.81%
2026-01-09 08:54:27,947,Buy,0.07605018586828512,3100.73823224458,950.4165045933038
