2026-01-09 14:35:03,904 - INFO - __init__: is_live_trading = True, filename = None
2026-01-09 14:35:03,904 - INFO - __init__: is_live_trading = True, filename = None
2026-01-09 14:35:03,904 - INFO - __init__: is_live_trading = True, filename = None
2026-01-09 14:35:03,904 - INFO - __init__: is_live_trading = True, filename = None
2026-01-09 14:35:03,905 - INFO - Strategy Config: RSI=34, SL=5.8%, Trailing=8.7%
2026-01-09 14:35:03,905 - INFO - Strategy Config: RSI=34, SL=5.8%, Trailing=8.7%
2026-01-09 14:35:03,905 - INFO - Strategy Config: RSI=34, SL=5.8%, Trailing=8.7%
2026-01-09 14:35:03,905 - INFO - Strategy Config: RSI=34, SL=5.8%, Trailing=8.7%
2026-01-09 14:35:04,086 - INFO - Fetching account balances...
2026-01-09 14:35:04,086 - INFO - Fetching account balances...
2026-01-09 14:35:04,086 - INFO - Fetching account balances...
2026-01-09 14:35:04,086 - INFO - Fetching account balances...
2026-01-09 14:35:04,336 - INFO - Trading Pair Configured: ETHUSDT
2026-01-09 14:35:04,336 - INFO - Trading Pair Configured: ETHUSDT
2026-01-09 14:35:04,336 - INFO - Trading Pair Configured: ETHUSDT
2026-01-09 14:35:04,336 - INFO - Trading Pair Configured: ETHUSDT
2026-01-09 14:35:04,337 - INFO - Starting Balances: USDT=194.99781198, ETH=0.0
2026-01-09 14:35:04,337 - INFO - Starting Balances: USDT=194.99781198, ETH=0.0
2026-01-09 14:35:04,337 - INFO - Starting Balances: USDT=194.99781198, ETH=0.0
2026-01-09 14:35:04,337 - INFO - Starting Balances: USDT=194.99781198, ETH=0.0
2026-01-09 14:35:04,493 - INFO - __init__: Initial Volatility Calculated: 0.029101541329247086
2026-01-09 14:35:04,493 - INFO - __init__: Initial Volatility Calculated: 0.029101541329247086
2026-01-09 14:35:04,493 - INFO - __init__: Initial Volatility Calculated: 0.029101541329247086
2026-01-09 14:35:04,493 - INFO - __init__: Initial Volatility Calculated: 0.029101541329247086
2026-01-09 14:35:04,493 - INFO - No previous state file found. Starting fresh.
2026-01-09 14:35:04,493 - INFO - No previous state file found. Starting fresh.
2026-01-09 14:35:04,493 - INFO - No previous state file found. Starting fresh.
2026-01-09 14:35:04,493 - INFO - No previous state file found. Starting fresh.
2026-01-09 14:35:04,494 - INFO - __init__ completed
2026-01-09 14:35:04,494 - INFO - __init__ completed
2026-01-09 14:35:04,494 - INFO - __init__ completed
2026-01-09 14:35:04,494 - INFO - __init__ completed
2026-01-09 14:35:04,660 - INFO - Starting run method...
2026-01-09 14:35:04,660 - INFO - Starting run method...
2026-01-09 14:35:04,660 - INFO - Starting run method...
2026-01-09 14:35:04,660 - INFO - Starting run method...
2026-01-09 14:35:04,661 - INFO - Initializing hotkeys...
2026-01-09 14:35:04,661 - INFO - Initializing hotkeys...
2026-01-09 14:35:04,661 - INFO - Initializing hotkeys...
2026-01-09 14:35:04,661 - INFO - Initializing hotkeys...
2026-01-09 14:35:04,662 - INFO - Hotkeys started.
2026-01-09 14:35:04,662 - INFO - Hotkeys started.
2026-01-09 14:35:04,662 - INFO - Hotkeys started.
2026-01-09 14:35:04,662 - INFO - Hotkeys started.
2026-01-09 14:35:04,667 - INFO - Entering main trading loop...
2026-01-09 14:35:04,667 - INFO - Entering main trading loop...
2026-01-09 14:35:04,667 - INFO - Entering main trading loop...
2026-01-09 14:35:04,667 - INFO - Entering main trading loop...
2026-01-09 14:35:05,115 - INFO - Fear & Greed Index: 27 (Fear)
2026-01-09 14:35:05,115 - INFO - Fear & Greed Index: 27 (Fear)
2026-01-09 14:35:05,115 - INFO - Fear & Greed Index: 27 (Fear)
2026-01-09 14:35:05,115 - INFO - Fear & Greed Index: 27 (Fear)
2026-01-09 14:35:05,115 - INFO - Dynamic Mode: Auto-Tuned Settings based on Volatility 2.91%
2026-01-09 14:35:05,115 - INFO - Dynamic Mode: Auto-Tuned Settings based on Volatility 2.91%
2026-01-09 14:35:05,115 - INFO - Dynamic Mode: Auto-Tuned Settings based on Volatility 2.91%
2026-01-09 14:35:05,115 - INFO - Dynamic Mode: Auto-Tuned Settings based on Volatility 2.91%
2026-01-09 14:35:05,115 - INFO -   -> RSI: 34, SL: 5.8%, Trail: 8.7%
2026-01-09 14:35:05,115 - INFO -   -> RSI: 34, SL: 5.8%, Trail: 8.7%
2026-01-09 14:35:05,115 - INFO -   -> RSI: 34, SL: 5.8%, Trail: 8.7%
2026-01-09 14:35:05,115 - INFO -   -> RSI: 34, SL: 5.8%, Trail: 8.7%
2026-01-09 14:35:35,707 - INFO - Heartbeat - Current Price: 3083.98 USDT
2026-01-09 14:35:35,707 - INFO - Heartbeat - Current Price: 3083.98 USDT
2026-01-09 14:35:35,707 - INFO - Heartbeat - Current Price: 3083.98 USDT
2026-01-09 14:35:35,707 - INFO - Heartbeat - Current Price: 3083.98 USDT
2026-01-09 14:36:06,573 - INFO - Heartbeat - Current Price: 3083.98 USDT
2026-01-09 14:36:06,573 - INFO - Heartbeat - Current Price: 3083.98 USDT
2026-01-09 14:36:06,573 - INFO - Heartbeat - Current Price: 3083.98 USDT
2026-01-09 14:36:06,573 - INFO - Heartbeat - Current Price: 3083.98 USDT
2026-01-09 14:36:37,180 - INFO - Heartbeat - Current Price: 3083.98 USDT
2026-01-09 14:36:37,180 - INFO - Heartbeat - Current Price: 3083.98 USDT
2026-01-09 14:36:37,180 - INFO - Heartbeat - Current Price: 3083.98 USDT
2026-01-09 14:36:37,180 - INFO - Heartbeat - Current Price: 3083.98 USDT
2026-01-09 14:37:07,825 - INFO - Heartbeat - Current Price: 3083.98 USDT
2026-01-09 14:37:07,825 - INFO - Heartbeat - Current Price: 3083.98 USDT
2026-01-09 14:37:07,825 - INFO - Heartbeat - Current Price: 3083.98 USDT
2026-01-09 14:37:07,825 - INFO - Heartbeat - Current Price: 3083.98 USDT
